{"meta": {"format": 3, "version": "7.11.3", "timestamp": "2025-11-12T22:55:16.822783", "branch_coverage": false, "show_contexts": false}, "files": {"config.py": {"executed_lines": [1, 9, 10, 13, 14, 15, 16, 17, 18, 20, 21, 23, 30, 31, 32, 33, 34, 35, 36, 37, 38, 40, 41, 43, 53, 54, 55, 56, 57, 59, 60, 62, 68, 69, 70, 71, 72, 73, 75, 76, 78, 86], "summary": {"covered_lines": 34, "num_statements": 34, "percent_covered": 100.0, "percent_covered_display": "100", "missing_lines": 0, "excluded_lines": 0}, "missing_lines": [], "excluded_lines": [], "functions": {"OllamaConfig.from_env": {"executed_lines": [23], "summary": {"covered_lines": 1, "num_statements": 1, "percent_covered": 100.0, "percent_covered_display": "100", "missing_lines": 0, "excluded_lines": 0}, "missing_lines": [], "excluded_lines": []}, "ConversationConfig.from_env": {"executed_lines": [43], "summary": {"covered_lines": 1, "num_statements": 1, "percent_covered": 100.0, "percent_covered_display": "100", "missing_lines": 0, "excluded_lines": 0}, "missing_lines": [], "excluded_lines": []}, "LoggingConfig.from_env": {"executed_lines": [62], "summary": {"covered_lines": 1, "num_statements": 1, "percent_covered": 100.0, "percent_covered_display": "100", "missing_lines": 0, "excluded_lines": 0}, "missing_lines": [], "excluded_lines": []}, "AppConfig.from_env": {"executed_lines": [78], "summary": {"covered_lines": 1, "num_statements": 1, "percent_covered": 100.0, "percent_covered_display": "100", "missing_lines": 0, "excluded_lines": 0}, "missing_lines": [], "excluded_lines": []}, "": {"executed_lines": [1, 9, 10, 13, 14, 15, 16, 17, 18, 20, 21, 30, 31, 32, 33, 34, 35, 36, 37, 38, 40, 41, 53, 54, 55, 56, 57, 59, 60, 68, 69, 70, 71, 72, 73, 75, 76, 86], "summary": {"covered_lines": 30, "num_statements": 30, "percent_covered": 100.0, "percent_covered_display": "100", "missing_lines": 0, "excluded_lines": 0}, "missing_lines": [], "excluded_lines": []}}, "classes": {"OllamaConfig": {"executed_lines": [23], "summary": {"covered_lines": 1, "num_statements": 1, "percent_covered": 100.0, "percent_covered_display": "100", "missing_lines": 0, "excluded_lines": 0}, "missing_lines": [], "excluded_lines": []}, "ConversationConfig": {"executed_lines": [43], "summary": {"covered_lines": 1, "num_statements": 1, "percent_covered": 100.0, "percent_covered_display": "100", "missing_lines": 0, "excluded_lines": 0}, "missing_lines": [], "excluded_lines": []}, "LoggingConfig": {"executed_lines": [62], "summary": {"covered_lines": 1, "num_statements": 1, "percent_covered": 100.0, "percent_covered_display": "100", "missing_lines": 0, "excluded_lines": 0}, "missing_lines": [], "excluded_lines": []}, "AppConfig": {"executed_lines": [78], "summary": {"covered_lines": 1, "num_statements": 1, "percent_covered": 100.0, "percent_covered_display": "100", "missing_lines": 0, "excluded_lines": 0}, "missing_lines": [], "excluded_lines": []}, "": {"executed_lines": [1, 9, 10, 13, 14, 15, 16, 17, 18, 20, 21, 30, 31, 32, 33, 34, 35, 36, 37, 38, 40, 41, 53, 54, 55, 56, 57, 59, 60, 68, 69, 70, 71, 72, 73, 75, 76, 86], "summary": {"covered_lines": 30, "num_statements": 30, "percent_covered": 100.0, "percent_covered_display": "100", "missing_lines": 0, "excluded_lines": 0}, "missing_lines": [], "excluded_lines": []}}}, "log_viewer.py": {"executed_lines": [2, 6, 7, 8, 9, 11, 12, 15, 16, 18, 19, 21, 23, 26, 28, 30, 31, 33, 35, 37, 39, 40, 41, 42, 43, 44, 47, 48, 49, 52, 53, 54, 55, 57, 59, 72, 74, 76, 78, 80, 81, 82, 84, 85, 87, 90, 91, 96, 99, 162, 200, 227, 253, 333, 437], "summary": {"covered_lines": 53, "num_statements": 210, "percent_covered": 25.238095238095237, "percent_covered_display": "25", "missing_lines": 157, "excluded_lines": 0}, "missing_lines": [24, 69, 70, 92, 93, 94, 101, 104, 105, 106, 113, 116, 123, 124, 127, 134, 135, 136, 138, 139, 146, 153, 154, 156, 157, 159, 165, 166, 168, 171, 172, 175, 176, 182, 183, 184, 185, 187, 188, 189, 190, 191, 192, 193, 195, 197, 202, 203, 204, 206, 208, 209, 211, 212, 213, 215, 216, 217, 219, 220, 221, 222, 224, 229, 230, 232, 234, 239, 240, 242, 244, 245, 247, 249, 250, 255, 256, 257, 259, 262, 264, 265, 272, 273, 274, 275, 282, 283, 284, 286, 288, 290, 291, 292, 293, 295, 296, 297, 299, 300, 302, 304, 306, 312, 313, 319, 321, 322, 323, 325, 335, 341, 342, 345, 348, 350, 351, 352, 353, 355, 356, 363, 364, 365, 368, 369, 372, 375, 378, 379, 380, 381, 382, 383, 384, 387, 390, 391, 394, 395, 398, 399, 400, 402, 407, 408, 409, 410, 416, 417, 418, 424, 425, 426, 427, 429, 438], "excluded_lines": [], "functions": {"LogParser.__init__": {"executed_lines": [19], "summary": {"covered_lines": 1, "num_statements": 1, "percent_covered": 100.0, "percent_covered_display": "100", "missing_lines": 0, "excluded_lines": 0}, "missing_lines": [], "excluded_lines": []}, "LogParser.get_available_log_files": {"executed_lines": [23, 26, 28, 30, 31, 33], "summary": {"covered_lines": 6, "num_statements": 7, "percent_covered": 85.71428571428571, "percent_covered_display": "86", "missing_lines": 1, "excluded_lines": 0}, "missing_lines": [24], "excluded_lines": []}, "LogParser.parse_log_file": {"executed_lines": [37, 39, 40, 41, 42, 43, 44, 47, 48, 49, 52, 53, 54, 55, 57, 59, 72], "summary": {"covered_lines": 17, "num_statements": 19, "percent_covered": 89.47368421052632, "percent_covered_display": "89", "missing_lines": 2, "excluded_lines": 0}, "missing_lines": [69, 70], "excluded_lines": []}, "LogParser.parse_all_logs": {"executed_lines": [76, 78, 80, 81, 82, 84, 85, 87, 90, 91, 96], "summary": {"covered_lines": 11, "num_statements": 14, "percent_covered": 78.57142857142857, "percent_covered_display": "79", "missing_lines": 3, "excluded_lines": 0}, "missing_lines": [92, 93, 94], "excluded_lines": []}, "create_sidebar_filters": {"executed_lines": [], "summary": {"covered_lines": 0, "num_statements": 20, "percent_covered": 0.0, "percent_covered_display": "0", "missing_lines": 20, "excluded_lines": 0}, "missing_lines": [101, 104, 105, 106, 113, 116, 123, 124, 127, 134, 135, 136, 138, 139, 146, 153, 154, 156, 157, 159], "excluded_lines": []}, "apply_filters": {"executed_lines": [], "summary": {"covered_lines": 0, "num_statements": 20, "percent_covered": 0.0, "percent_covered_display": "0", "missing_lines": 20, "excluded_lines": 0}, "missing_lines": [165, 166, 168, 171, 172, 175, 176, 182, 183, 184, 185, 187, 188, 189, 190, 191, 192, 193, 195, 197], "excluded_lines": []}, "display_statistics": {"executed_lines": [], "summary": {"covered_lines": 0, "num_statements": 17, "percent_covered": 0.0, "percent_covered_display": "0", "missing_lines": 17, "excluded_lines": 0}, "missing_lines": [202, 203, 204, 206, 208, 209, 211, 212, 213, 215, 216, 217, 219, 220, 221, 222, 224], "excluded_lines": []}, "display_persona_breakdown": {"executed_lines": [], "summary": {"covered_lines": 0, "num_statements": 12, "percent_covered": 0.0, "percent_covered_display": "0", "missing_lines": 12, "excluded_lines": 0}, "missing_lines": [229, 230, 232, 234, 239, 240, 242, 244, 245, 247, 249, 250], "excluded_lines": []}, "display_messages": {"executed_lines": [], "summary": {"covered_lines": 0, "num_statements": 35, "percent_covered": 0.0, "percent_covered_display": "0", "missing_lines": 35, "excluded_lines": 0}, "missing_lines": [255, 256, 257, 259, 262, 264, 265, 272, 273, 274, 275, 282, 283, 284, 286, 288, 290, 291, 292, 293, 295, 296, 297, 299, 300, 302, 304, 306, 312, 313, 319, 321, 322, 323, 325], "excluded_lines": []}, "main": {"executed_lines": [], "summary": {"covered_lines": 0, "num_statements": 46, "percent_covered": 0.0, "percent_covered_display": "0", "missing_lines": 46, "excluded_lines": 0}, "missing_lines": [335, 341, 342, 345, 348, 350, 351, 352, 353, 355, 356, 363, 364, 365, 368, 369, 372, 375, 378, 379, 380, 381, 382, 383, 384, 387, 390, 391, 394, 395, 398, 399, 400, 402, 407, 408, 409, 410, 416, 417, 418, 424, 425, 426, 427, 429], "excluded_lines": []}, "": {"executed_lines": [2, 6, 7, 8, 9, 11, 12, 15, 16, 18, 21, 35, 74, 99, 162, 200, 227, 253, 333, 437], "summary": {"covered_lines": 18, "num_statements": 19, "percent_covered": 94.73684210526316, "percent_covered_display": "95", "missing_lines": 1, "excluded_lines": 0}, "missing_lines": [438], "excluded_lines": []}}, "classes": {"LogParser": {"executed_lines": [19, 23, 26, 28, 30, 31, 33, 37, 39, 40, 41, 42, 43, 44, 47, 48, 49, 52, 53, 54, 55, 57, 59, 72, 76, 78, 80, 81, 82, 84, 85, 87, 90, 91, 96], "summary": {"covered_lines": 35, "num_statements": 41, "percent_covered": 85.36585365853658, "percent_covered_display": "85", "missing_lines": 6, "excluded_lines": 0}, "missing_lines": [24, 69, 70, 92, 93, 94], "excluded_lines": []}, "": {"executed_lines": [2, 6, 7, 8, 9, 11, 12, 15, 16, 18, 21, 35, 74, 99, 162, 200, 227, 253, 333, 437], "summary": {"covered_lines": 18, "num_statements": 169, "percent_covered": 10.650887573964496, "percent_covered_display": "11", "missing_lines": 151, "excluded_lines": 0}, "missing_lines": [101, 104, 105, 106, 113, 116, 123, 124, 127, 134, 135, 136, 138, 139, 146, 153, 154, 156, 157, 159, 165, 166, 168, 171, 172, 175, 176, 182, 183, 184, 185, 187, 188, 189, 190, 191, 192, 193, 195, 197, 202, 203, 204, 206, 208, 209, 211, 212, 213, 215, 216, 217, 219, 220, 221, 222, 224, 229, 230, 232, 234, 239, 240, 242, 244, 245, 247, 249, 250, 255, 256, 257, 259, 262, 264, 265, 272, 273, 274, 275, 282, 283, 284, 286, 288, 290, 291, 292, 293, 295, 296, 297, 299, 300, 302, 304, 306, 312, 313, 319, 321, 322, 323, 325, 335, 341, 342, 345, 348, 350, 351, 352, 353, 355, 356, 363, 364, 365, 368, 369, 372, 375, 378, 379, 380, 381, 382, 383, 384, 387, 390, 391, 394, 395, 398, 399, 400, 402, 407, 408, 409, 410, 416, 417, 418, 424, 425, 426, 427, 429, 438], "excluded_lines": []}}}, "streamlit_backroom.py": {"executed_lines": [2, 7, 8, 9, 10, 11, 12, 13, 14, 15, 16, 17, 18, 19, 21, 22, 24, 27, 28, 29, 30, 31, 32, 33, 34, 37, 38, 39, 40, 41, 44, 46, 49, 50, 51, 52, 53, 54, 55, 56, 57, 58, 61, 63, 67, 88, 89, 91, 92, 94, 95, 96, 98, 100, 101, 103, 107, 109, 110, 111, 113, 114, 116, 118, 120, 121, 123, 125, 126, 129, 132, 133, 134, 135, 136, 143, 144, 146, 153, 172, 272, 273, 275, 281, 304, 335, 341, 350, 370, 391, 406, 435, 472, 479, 546, 578, 608, 617, 669, 682, 724, 740, 753, 790, 868, 898, 925, 932, 947, 963, 997, 1016, 1033, 1079, 1140, 1212, 1251, 1257], "summary": {"covered_lines": 110, "num_statements": 688, "percent_covered": 15.988372093023257, "percent_covered_display": "16", "missing_lines": 578, "excluded_lines": 0}, "missing_lines": [93, 117, 137, 139, 140, 147, 148, 149, 150, 151, 155, 156, 157, 161, 162, 163, 164, 166, 167, 168, 169, 170, 174, 181, 182, 184, 185, 187, 192, 194, 195, 200, 201, 202, 203, 204, 205, 208, 209, 212, 213, 215, 216, 217, 218, 219, 221, 222, 223, 225, 226, 228, 229, 232, 235, 236, 237, 239, 240, 241, 243, 245, 246, 247, 249, 250, 251, 252, 253, 254, 255, 256, 258, 259, 260, 261, 264, 265, 266, 267, 269, 276, 277, 278, 279, 283, 306, 307, 308, 309, 310, 311, 312, 313, 314, 315, 316, 317, 326, 327, 328, 329, 330, 331, 332, 333, 337, 338, 339, 344, 345, 348, 361, 362, 364, 365, 366, 367, 368, 380, 381, 382, 383, 384, 385, 386, 387, 388, 393, 394, 395, 396, 397, 398, 399, 400, 401, 403, 404, 413, 414, 415, 417, 418, 419, 420, 422, 423, 424, 425, 426, 427, 428, 429, 430, 431, 432, 433, 442, 443, 445, 446, 448, 449, 450, 451, 452, 454, 455, 456, 458, 461, 462, 465, 466, 467, 468, 469, 470, 474, 475, 476, 477, 481, 482, 483, 485, 486, 487, 489, 490, 491, 493, 494, 497, 498, 500, 501, 502, 506, 507, 508, 510, 512, 514, 515, 516, 518, 519, 521, 528, 529, 530, 539, 540, 541, 542, 544, 553, 554, 555, 557, 558, 559, 560, 569, 570, 572, 573, 574, 576, 580, 581, 583, 585, 586, 587, 594, 596, 597, 598, 605, 610, 612, 613, 614, 615, 619, 621, 622, 623, 626, 630, 634, 635, 636, 638, 639, 642, 645, 649, 650, 659, 662, 663, 664, 665, 666, 667, 671, 672, 673, 675, 676, 678, 680, 684, 685, 688, 691, 692, 695, 696, 697, 700, 701, 702, 703, 705, 706, 707, 710, 719, 720, 722, 733, 734, 735, 736, 738, 742, 743, 744, 747, 748, 750, 751, 755, 756, 759, 760, 762, 763, 764, 765, 766, 768, 770, 773, 774, 776, 788, 798, 799, 800, 801, 802, 804, 805, 806, 807, 808, 809, 810, 812, 814, 815, 816, 818, 820, 821, 824, 825, 826, 827, 828, 830, 832, 835, 836, 837, 838, 840, 841, 843, 844, 846, 847, 848, 849, 851, 853, 855, 856, 857, 859, 860, 861, 862, 863, 864, 866, 876, 877, 878, 888, 891, 894, 895, 896, 900, 902, 903, 904, 905, 906, 908, 909, 910, 911, 913, 914, 915, 916, 918, 919, 920, 921, 922, 923, 927, 928, 929, 930, 934, 935, 936, 943, 944, 945, 949, 950, 952, 953, 955, 956, 957, 958, 959, 961, 965, 966, 967, 968, 969, 971, 973, 974, 975, 976, 981, 983, 984, 985, 987, 988, 990, 991, 993, 995, 999, 1000, 1002, 1003, 1004, 1006, 1008, 1009, 1011, 1012, 1014, 1018, 1019, 1020, 1021, 1023, 1024, 1026, 1027, 1029, 1030, 1031, 1035, 1036, 1037, 1038, 1041, 1044, 1047, 1049, 1054, 1057, 1058, 1059, 1060, 1063, 1064, 1065, 1066, 1069, 1070, 1073, 1076, 1077, 1081, 1083, 1085, 1091, 1092, 1100, 1101, 1104, 1105, 1106, 1107, 1108, 1110, 1111, 1112, 1113, 1115, 1118, 1119, 1120, 1121, 1123, 1124, 1125, 1127, 1129, 1135, 1136, 1138, 1143, 1144, 1145, 1148, 1149, 1150, 1151, 1153, 1154, 1155, 1156, 1157, 1158, 1159, 1161, 1163, 1164, 1165, 1166, 1167, 1168, 1169, 1171, 1172, 1174, 1177, 1180, 1181, 1183, 1184, 1186, 1190, 1191, 1192, 1194, 1196, 1199, 1200, 1201, 1202, 1203, 1204, 1205, 1206, 1208, 1209, 1210, 1214, 1221, 1224, 1225, 1228, 1235, 1236, 1237, 1239, 1241, 1242, 1244, 1245, 1247, 1248, 1253, 1254, 1258], "excluded_lines": [], "functions": {"sanitize_html": {"executed_lines": [63], "summary": {"covered_lines": 1, "num_statements": 1, "percent_covered": 100.0, "percent_covered_display": "100", "missing_lines": 0, "excluded_lines": 0}, "missing_lines": [], "excluded_lines": []}, "ConversationLogger.__init__": {"executed_lines": [92, 94, 95, 96], "summary": {"covered_lines": 4, "num_statements": 5, "percent_covered": 80.0, "percent_covered_display": "80", "missing_lines": 1, "excluded_lines": 0}, "missing_lines": [93], "excluded_lines": []}, "ConversationLogger.get_daily_log_file": {"executed_lines": [100, 101], "summary": {"covered_lines": 2, "num_statements": 2, "percent_covered": 100.0, "percent_covered_display": "100", "missing_lines": 0, "excluded_lines": 0}, "missing_lines": [], "excluded_lines": []}, "ConversationLogger.clean_message": {"executed_lines": [107, 109, 110, 111, 113, 114, 116, 118, 120, 121], "summary": {"covered_lines": 10, "num_statements": 11, "percent_covered": 90.9090909090909, "percent_covered_display": "91", "missing_lines": 1, "excluded_lines": 0}, "missing_lines": [117], "excluded_lines": []}, "ConversationLogger.log_message": {"executed_lines": [125, 126, 129, 132, 133, 134, 135, 136], "summary": {"covered_lines": 8, "num_statements": 11, "percent_covered": 72.72727272727273, "percent_covered_display": "73", "missing_lines": 3, "excluded_lines": 0}, "missing_lines": [137, 139, 140], "excluded_lines": []}, "OllamaClient.__init__": {"executed_lines": [], "summary": {"covered_lines": 0, "num_statements": 5, "percent_covered": 0.0, "percent_covered_display": "0", "missing_lines": 5, "excluded_lines": 0}, "missing_lines": [147, 148, 149, 150, 151], "excluded_lines": []}, "OllamaClient.test_connection": {"executed_lines": [], "summary": {"covered_lines": 0, "num_statements": 12, "percent_covered": 0.0, "percent_covered_display": "0", "missing_lines": 12, "excluded_lines": 0}, "missing_lines": [155, 156, 157, 161, 162, 163, 164, 166, 167, 168, 169, 170], "excluded_lines": []}, "OllamaClient.generate_stream": {"executed_lines": [], "summary": {"covered_lines": 0, "num_statements": 59, "percent_covered": 0.0, "percent_covered_display": "0", "missing_lines": 59, "excluded_lines": 0}, "missing_lines": [174, 181, 182, 184, 185, 187, 192, 194, 195, 200, 201, 202, 203, 204, 205, 208, 209, 212, 213, 215, 216, 217, 218, 219, 221, 222, 223, 225, 226, 228, 229, 232, 235, 236, 237, 239, 240, 241, 243, 245, 246, 247, 249, 250, 251, 252, 253, 254, 255, 256, 258, 259, 260, 261, 264, 265, 266, 267, 269], "excluded_lines": []}, "StreamlitBackroomApp.__init__": {"executed_lines": [], "summary": {"covered_lines": 0, "num_statements": 4, "percent_covered": 0.0, "percent_covered_display": "0", "missing_lines": 4, "excluded_lines": 0}, "missing_lines": [276, 277, 278, 279], "excluded_lines": []}, "StreamlitBackroomApp.get_role_templates": {"executed_lines": [], "summary": {"covered_lines": 0, "num_statements": 1, "percent_covered": 0.0, "percent_covered_display": "0", "missing_lines": 1, "excluded_lines": 0}, "missing_lines": [283], "excluded_lines": []}, "StreamlitBackroomApp.initialize_session_state": {"executed_lines": [], "summary": {"covered_lines": 0, "num_statements": 20, "percent_covered": 0.0, "percent_covered_display": "0", "missing_lines": 20, "excluded_lines": 0}, "missing_lines": [306, 307, 308, 309, 310, 311, 312, 313, 314, 315, 316, 317, 326, 327, 328, 329, 330, 331, 332, 333], "excluded_lines": []}, "StreamlitBackroomApp.check_ollama_connection": {"executed_lines": [], "summary": {"covered_lines": 0, "num_statements": 3, "percent_covered": 0.0, "percent_covered_display": "0", "missing_lines": 3, "excluded_lines": 0}, "missing_lines": [337, 338, 339], "excluded_lines": []}, "StreamlitBackroomApp.get_persona_avatar": {"executed_lines": [], "summary": {"covered_lines": 0, "num_statements": 3, "percent_covered": 0.0, "percent_covered_display": "0", "missing_lines": 3, "excluded_lines": 0}, "missing_lines": [344, 345, 348], "excluded_lines": []}, "StreamlitBackroomApp._create_persona_display_html": {"executed_lines": [], "summary": {"covered_lines": 0, "num_statements": 7, "percent_covered": 0.0, "percent_covered_display": "0", "missing_lines": 7, "excluded_lines": 0}, "missing_lines": [361, 362, 364, 365, 366, 367, 368], "excluded_lines": []}, "StreamlitBackroomApp._highlight_mentions": {"executed_lines": [], "summary": {"covered_lines": 0, "num_statements": 9, "percent_covered": 0.0, "percent_covered_display": "0", "missing_lines": 9, "excluded_lines": 0}, "missing_lines": [380, 381, 382, 383, 384, 385, 386, 387, 388], "excluded_lines": []}, "StreamlitBackroomApp._render_ollama_connection_check": {"executed_lines": [], "summary": {"covered_lines": 0, "num_statements": 11, "percent_covered": 0.0, "percent_covered_display": "0", "missing_lines": 11, "excluded_lines": 0}, "missing_lines": [393, 394, 395, 396, 397, 398, 399, 400, 401, 403, 404], "excluded_lines": []}, "StreamlitBackroomApp._render_persona_delete_controls": {"executed_lines": [], "summary": {"covered_lines": 0, "num_statements": 19, "percent_covered": 0.0, "percent_covered_display": "0", "missing_lines": 19, "excluded_lines": 0}, "missing_lines": [413, 414, 415, 417, 418, 419, 420, 422, 423, 424, 425, 426, 427, 428, 429, 430, 431, 432, 433], "excluded_lines": []}, "StreamlitBackroomApp._render_persona_details": {"executed_lines": [], "summary": {"covered_lines": 0, "num_statements": 21, "percent_covered": 0.0, "percent_covered_display": "0", "missing_lines": 21, "excluded_lines": 0}, "missing_lines": [442, 443, 445, 446, 448, 449, 450, 451, 452, 454, 455, 456, 458, 461, 462, 465, 466, 467, 468, 469, 470], "excluded_lines": []}, "StreamlitBackroomApp._render_persona_list": {"executed_lines": [], "summary": {"covered_lines": 0, "num_statements": 4, "percent_covered": 0.0, "percent_covered_display": "0", "missing_lines": 4, "excluded_lines": 0}, "missing_lines": [474, 475, 476, 477], "excluded_lines": []}, "StreamlitBackroomApp._render_add_persona_form": {"executed_lines": [], "summary": {"covered_lines": 0, "num_statements": 35, "percent_covered": 0.0, "percent_covered_display": "0", "missing_lines": 35, "excluded_lines": 0}, "missing_lines": [481, 482, 483, 485, 486, 487, 489, 490, 491, 493, 494, 497, 498, 500, 501, 502, 506, 507, 508, 510, 512, 514, 515, 516, 518, 519, 521, 528, 529, 530, 539, 540, 541, 542, 544], "excluded_lines": []}, "StreamlitBackroomApp._add_preset_personas": {"executed_lines": [], "summary": {"covered_lines": 0, "num_statements": 13, "percent_covered": 0.0, "percent_covered_display": "0", "missing_lines": 13, "excluded_lines": 0}, "missing_lines": [553, 554, 555, 557, 558, 559, 560, 569, 570, 572, 573, 574, 576], "excluded_lines": []}, "StreamlitBackroomApp._render_quick_start_presets": {"executed_lines": [], "summary": {"covered_lines": 0, "num_statements": 11, "percent_covered": 0.0, "percent_covered_display": "0", "missing_lines": 11, "excluded_lines": 0}, "missing_lines": [580, 581, 583, 585, 586, 587, 594, 596, 597, 598, 605], "excluded_lines": []}, "StreamlitBackroomApp.persona_management_ui": {"executed_lines": [], "summary": {"covered_lines": 0, "num_statements": 5, "percent_covered": 0.0, "percent_covered_display": "0", "missing_lines": 5, "excluded_lines": 0}, "missing_lines": [610, 612, 613, 614, 615], "excluded_lines": []}, "StreamlitBackroomApp.settings_ui": {"executed_lines": [], "summary": {"covered_lines": 0, "num_statements": 22, "percent_covered": 0.0, "percent_covered_display": "0", "missing_lines": 22, "excluded_lines": 0}, "missing_lines": [619, 621, 622, 623, 626, 630, 634, 635, 636, 638, 639, 642, 645, 649, 650, 659, 662, 663, 664, 665, 666, 667], "excluded_lines": []}, "StreamlitBackroomApp.get_next_speaker": {"executed_lines": [], "summary": {"covered_lines": 0, "num_statements": 7, "percent_covered": 0.0, "percent_covered_display": "0", "missing_lines": 7, "excluded_lines": 0}, "missing_lines": [671, 672, 673, 675, 676, 678, 680], "excluded_lines": []}, "StreamlitBackroomApp.generate_system_prompt": {"executed_lines": [], "summary": {"covered_lines": 0, "num_statements": 19, "percent_covered": 0.0, "percent_covered_display": "0", "missing_lines": 19, "excluded_lines": 0}, "missing_lines": [684, 685, 688, 691, 692, 695, 696, 697, 700, 701, 702, 703, 705, 706, 707, 710, 719, 720, 722], "excluded_lines": []}, "StreamlitBackroomApp._run_async_in_new_loop": {"executed_lines": [], "summary": {"covered_lines": 0, "num_statements": 5, "percent_covered": 0.0, "percent_covered_display": "0", "missing_lines": 5, "excluded_lines": 0}, "missing_lines": [733, 734, 735, 736, 738], "excluded_lines": []}, "StreamlitBackroomApp.get_ai_response_stream": {"executed_lines": [], "summary": {"covered_lines": 0, "num_statements": 7, "percent_covered": 0.0, "percent_covered_display": "0", "missing_lines": 7, "excluded_lines": 0}, "missing_lines": [742, 743, 744, 747, 748, 750, 751], "excluded_lines": []}, "StreamlitBackroomApp._generate_conversation_prompt": {"executed_lines": [], "summary": {"covered_lines": 0, "num_statements": 15, "percent_covered": 0.0, "percent_covered_display": "0", "missing_lines": 15, "excluded_lines": 0}, "missing_lines": [755, 756, 759, 760, 762, 763, 764, 765, 766, 768, 770, 773, 774, 776, 788], "excluded_lines": []}, "StreamlitBackroomApp._process_streaming_response": {"executed_lines": [], "summary": {"covered_lines": 0, "num_statements": 50, "percent_covered": 0.0, "percent_covered_display": "0", "missing_lines": 50, "excluded_lines": 0}, "missing_lines": [798, 799, 800, 801, 802, 804, 805, 806, 807, 808, 809, 810, 812, 814, 815, 816, 818, 820, 821, 824, 825, 826, 827, 828, 830, 832, 835, 836, 837, 838, 840, 841, 843, 844, 846, 847, 848, 849, 851, 853, 855, 856, 857, 859, 860, 861, 862, 863, 864, 866], "excluded_lines": []}, "StreamlitBackroomApp._save_message_to_history": {"executed_lines": [], "summary": {"covered_lines": 0, "num_statements": 8, "percent_covered": 0.0, "percent_covered_display": "0", "missing_lines": 8, "excluded_lines": 0}, "missing_lines": [876, 877, 878, 888, 891, 894, 895, 896], "excluded_lines": []}, "StreamlitBackroomApp._render_control_buttons": {"executed_lines": [], "summary": {"covered_lines": 0, "num_statements": 20, "percent_covered": 0.0, "percent_covered_display": "0", "missing_lines": 20, "excluded_lines": 0}, "missing_lines": [900, 902, 903, 904, 905, 906, 908, 909, 910, 911, 913, 914, 915, 916, 918, 919, 920, 921, 922, 923], "excluded_lines": []}, "StreamlitBackroomApp._handle_manual_turn": {"executed_lines": [], "summary": {"covered_lines": 0, "num_statements": 4, "percent_covered": 0.0, "percent_covered_display": "0", "missing_lines": 4, "excluded_lines": 0}, "missing_lines": [927, 928, 929, 930], "excluded_lines": []}, "StreamlitBackroomApp._handle_chat_input": {"executed_lines": [], "summary": {"covered_lines": 0, "num_statements": 6, "percent_covered": 0.0, "percent_covered_display": "0", "missing_lines": 6, "excluded_lines": 0}, "missing_lines": [934, 935, 936, 943, 944, 945], "excluded_lines": []}, "StreamlitBackroomApp._display_messages": {"executed_lines": [], "summary": {"covered_lines": 0, "num_statements": 10, "percent_covered": 0.0, "percent_covered_display": "0", "missing_lines": 10, "excluded_lines": 0}, "missing_lines": [949, 950, 952, 953, 955, 956, 957, 958, 959, 961], "excluded_lines": []}, "StreamlitBackroomApp._display_assistant_message": {"executed_lines": [], "summary": {"covered_lines": 0, "num_statements": 20, "percent_covered": 0.0, "percent_covered_display": "0", "missing_lines": 20, "excluded_lines": 0}, "missing_lines": [965, 966, 967, 968, 969, 971, 973, 974, 975, 976, 981, 983, 984, 985, 987, 988, 990, 991, 993, 995], "excluded_lines": []}, "StreamlitBackroomApp._handle_auto_run": {"executed_lines": [], "summary": {"covered_lines": 0, "num_statements": 11, "percent_covered": 0.0, "percent_covered_display": "0", "missing_lines": 11, "excluded_lines": 0}, "missing_lines": [999, 1000, 1002, 1003, 1004, 1006, 1008, 1009, 1011, 1012, 1014], "excluded_lines": []}, "StreamlitBackroomApp.conversation_ui": {"executed_lines": [], "summary": {"covered_lines": 0, "num_statements": 11, "percent_covered": 0.0, "percent_covered_display": "0", "missing_lines": 11, "excluded_lines": 0}, "missing_lines": [1018, 1019, 1020, 1021, 1023, 1024, 1026, 1027, 1029, 1030, 1031], "excluded_lines": []}, "StreamlitBackroomApp.run_single_turn": {"executed_lines": [], "summary": {"covered_lines": 0, "num_statements": 22, "percent_covered": 0.0, "percent_covered_display": "0", "missing_lines": 22, "excluded_lines": 0}, "missing_lines": [1035, 1036, 1037, 1038, 1041, 1044, 1047, 1049, 1054, 1057, 1058, 1059, 1060, 1063, 1064, 1065, 1066, 1069, 1070, 1073, 1076, 1077], "excluded_lines": []}, "StreamlitBackroomApp.export_ui": {"executed_lines": [], "summary": {"covered_lines": 0, "num_statements": 29, "percent_covered": 0.0, "percent_covered_display": "0", "missing_lines": 29, "excluded_lines": 0}, "missing_lines": [1081, 1083, 1085, 1091, 1092, 1100, 1101, 1104, 1105, 1106, 1107, 1108, 1110, 1111, 1112, 1113, 1115, 1118, 1119, 1120, 1121, 1123, 1124, 1125, 1127, 1129, 1135, 1136, 1138], "excluded_lines": []}, "StreamlitBackroomApp.sidebar_ui": {"executed_lines": [], "summary": {"covered_lines": 0, "num_statements": 47, "percent_covered": 0.0, "percent_covered_display": "0", "missing_lines": 47, "excluded_lines": 0}, "missing_lines": [1143, 1144, 1145, 1148, 1149, 1150, 1151, 1153, 1154, 1155, 1156, 1157, 1158, 1159, 1161, 1163, 1164, 1165, 1166, 1167, 1168, 1169, 1171, 1172, 1174, 1177, 1180, 1181, 1183, 1184, 1186, 1190, 1191, 1192, 1194, 1196, 1199, 1200, 1201, 1202, 1203, 1204, 1205, 1206, 1208, 1209, 1210], "excluded_lines": []}, "StreamlitBackroomApp.run": {"executed_lines": [], "summary": {"covered_lines": 0, "num_statements": 15, "percent_covered": 0.0, "percent_covered_display": "0", "missing_lines": 15, "excluded_lines": 0}, "missing_lines": [1214, 1221, 1224, 1225, 1228, 1235, 1236, 1237, 1239, 1241, 1242, 1244, 1245, 1247, 1248], "excluded_lines": []}, "main": {"executed_lines": [], "summary": {"covered_lines": 0, "num_statements": 2, "percent_covered": 0.0, "percent_covered_display": "0", "missing_lines": 2, "excluded_lines": 0}, "missing_lines": [1253, 1254], "excluded_lines": []}, "": {"executed_lines": [2, 7, 8, 9, 10, 11, 12, 13, 14, 15, 16, 17, 18, 19, 21, 22, 24, 27, 28, 29, 30, 31, 32, 33, 34, 37, 38, 39, 40, 41, 44, 46, 49, 50, 51, 52, 53, 54, 55, 56, 57, 58, 61, 67, 88, 89, 91, 98, 103, 123, 143, 144, 146, 153, 172, 272, 273, 275, 281, 304, 335, 341, 350, 370, 391, 406, 435, 472, 479, 546, 578, 608, 617, 669, 682, 724, 740, 753, 790, 868, 898, 925, 932, 947, 963, 997, 1016, 1033, 1079, 1140, 1212, 1251, 1257], "summary": {"covered_lines": 85, "num_statements": 86, "percent_covered": 98.83720930232558, "percent_covered_display": "99", "missing_lines": 1, "excluded_lines": 0}, "missing_lines": [1258], "excluded_lines": []}}, "classes": {"AIPersona": {"executed_lines": [], "summary": {"covered_lines": 0, "num_statements": 0, "percent_covered": 100.0, "percent_covered_display": "100", "missing_lines": 0, "excluded_lines": 0}, "missing_lines": [], "excluded_lines": []}, "ConversationLogger": {"executed_lines": [92, 94, 95, 96, 100, 101, 107, 109, 110, 111, 113, 114, 116, 118, 120, 121, 125, 126, 129, 132, 133, 134, 135, 136], "summary": {"covered_lines": 24, "num_statements": 29, "percent_covered": 82.75862068965517, "percent_covered_display": "83", "missing_lines": 5, "excluded_lines": 0}, "missing_lines": [93, 117, 137, 139, 140], "excluded_lines": []}, "OllamaClient": {"executed_lines": [], "summary": {"covered_lines": 0, "num_statements": 76, "percent_covered": 0.0, "percent_covered_display": "0", "missing_lines": 76, "excluded_lines": 0}, "missing_lines": [147, 148, 149, 150, 151, 155, 156, 157, 161, 162, 163, 164, 166, 167, 168, 169, 170, 174, 181, 182, 184, 185, 187, 192, 194, 195, 200, 201, 202, 203, 204, 205, 208, 209, 212, 213, 215, 216, 217, 218, 219, 221, 222, 223, 225, 226, 228, 229, 232, 235, 236, 237, 239, 240, 241, 243, 245, 246, 247, 249, 250, 251, 252, 253, 254, 255, 256, 258, 259, 260, 261, 264, 265, 266, 267, 269], "excluded_lines": []}, "StreamlitBackroomApp": {"executed_lines": [], "summary": {"covered_lines": 0, "num_statements": 494, "percent_covered": 0.0, "percent_covered_display": "0", "missing_lines": 494, "excluded_lines": 0}, "missing_lines": [276, 277, 278, 279, 283, 306, 307, 308, 309, 310, 311, 312, 313, 314, 315, 316, 317, 326, 327, 328, 329, 330, 331, 332, 333, 337, 338, 339, 344, 345, 348, 361, 362, 364, 365, 366, 367, 368, 380, 381, 382, 383, 384, 385, 386, 387, 388, 393, 394, 395, 396, 397, 398, 399, 400, 401, 403, 404, 413, 414, 415, 417, 418, 419, 420, 422, 423, 424, 425, 426, 427, 428, 429, 430, 431, 432, 433, 442, 443, 445, 446, 448, 449, 450, 451, 452, 454, 455, 456, 458, 461, 462, 465, 466, 467, 468, 469, 470, 474, 475, 476, 477, 481, 482, 483, 485, 486, 487, 489, 490, 491, 493, 494, 497, 498, 500, 501, 502, 506, 507, 508, 510, 512, 514, 515, 516, 518, 519, 521, 528, 529, 530, 539, 540, 541, 542, 544, 553, 554, 555, 557, 558, 559, 560, 569, 570, 572, 573, 574, 576, 580, 581, 583, 585, 586, 587, 594, 596, 597, 598, 605, 610, 612, 613, 614, 615, 619, 621, 622, 623, 626, 630, 634, 635, 636, 638, 639, 642, 645, 649, 650, 659, 662, 663, 664, 665, 666, 667, 671, 672, 673, 675, 676, 678, 680, 684, 685, 688, 691, 692, 695, 696, 697, 700, 701, 702, 703, 705, 706, 707, 710, 719, 720, 722, 733, 734, 735, 736, 738, 742, 743, 744, 747, 748, 750, 751, 755, 756, 759, 760, 762, 763, 764, 765, 766, 768, 770, 773, 774, 776, 788, 798, 799, 800, 801, 802, 804, 805, 806, 807, 808, 809, 810, 812, 814, 815, 816, 818, 820, 821, 824, 825, 826, 827, 828, 830, 832, 835, 836, 837, 838, 840, 841, 843, 844, 846, 847, 848, 849, 851, 853, 855, 856, 857, 859, 860, 861, 862, 863, 864, 866, 876, 877, 878, 888, 891, 894, 895, 896, 900, 902, 903, 904, 905, 906, 908, 909, 910, 911, 913, 914, 915, 916, 918, 919, 920, 921, 922, 923, 927, 928, 929, 930, 934, 935, 936, 943, 944, 945, 949, 950, 952, 953, 955, 956, 957, 958, 959, 961, 965, 966, 967, 968, 969, 971, 973, 974, 975, 976, 981, 983, 984, 985, 987, 988, 990, 991, 993, 995, 999, 1000, 1002, 1003, 1004, 1006, 1008, 1009, 1011, 1012, 1014, 1018, 1019, 1020, 1021, 1023, 1024, 1026, 1027, 1029, 1030, 1031, 1035, 1036, 1037, 1038, 1041, 1044, 1047, 1049, 1054, 1057, 1058, 1059, 1060, 1063, 1064, 1065, 1066, 1069, 1070, 1073, 1076, 1077, 1081, 1083, 1085, 1091, 1092, 1100, 1101, 1104, 1105, 1106, 1107, 1108, 1110, 1111, 1112, 1113, 1115, 1118, 1119, 1120, 1121, 1123, 1124, 1125, 1127, 1129, 1135, 1136, 1138, 1143, 1144, 1145, 1148, 1149, 1150, 1151, 1153, 1154, 1155, 1156, 1157, 1158, 1159, 1161, 1163, 1164, 1165, 1166, 1167, 1168, 1169, 1171, 1172, 1174, 1177, 1180, 1181, 1183, 1184, 1186, 1190, 1191, 1192, 1194, 1196, 1199, 1200, 1201, 1202, 1203, 1204, 1205, 1206, 1208, 1209, 1210, 1214, 1221, 1224, 1225, 1228, 1235, 1236, 1237, 1239, 1241, 1242, 1244, 1245, 1247, 1248], "excluded_lines": []}, "": {"executed_lines": [2, 7, 8, 9, 10, 11, 12, 13, 14, 15, 16, 17, 18, 19, 21, 22, 24, 27, 28, 29, 30, 31, 32, 33, 34, 37, 38, 39, 40, 41, 44, 46, 49, 50, 51, 52, 53, 54, 55, 56, 57, 58, 61, 63, 67, 88, 89, 91, 98, 103, 123, 143, 144, 146, 153, 172, 272, 273, 275, 281, 304, 335, 341, 350, 370, 391, 406, 435, 472, 479, 546, 578, 608, 617, 669, 682, 724, 740, 753, 790, 868, 898, 925, 932, 947, 963, 997, 1016, 1033, 1079, 1140, 1212, 1251, 1257], "summary": {"covered_lines": 86, "num_statements": 89, "percent_covered": 96.62921348314607, "percent_covered_display": "97", "missing_lines": 3, "excluded_lines": 0}, "missing_lines": [1253, 1254, 1258], "excluded_lines": []}}}, "tests/__init__.py": {"executed_lines": [0], "summary": {"covered_lines": 0, "num_statements": 0, "percent_covered": 100.0, "percent_covered_display": "100", "missing_lines": 0, "excluded_lines": 0}, "missing_lines": [], "excluded_lines": [], "functions": {"": {"executed_lines": [], "summary": {"covered_lines": 0, "num_statements": 0, "percent_covered": 100.0, "percent_covered_display": "100", "missing_lines": 0, "excluded_lines": 0}, "missing_lines": [], "excluded_lines": []}}, "classes": {"": {"executed_lines": [], "summary": {"covered_lines": 0, "num_statements": 0, "percent_covered": 100.0, "percent_covered_display": "100", "missing_lines": 0, "excluded_lines": 0}, "missing_lines": [], "excluded_lines": []}}}, "tests/conftest.py": {"executed_lines": [1, 11, 12, 13, 14, 15, 16, 19, 20, 34, 35, 75, 76, 102, 103, 145, 146, 159, 160, 173, 174, 183, 184, 208, 209], "summary": {"covered_lines": 24, "num_statements": 51, "percent_covered": 47.05882352941177, "percent_covered_display": "47", "missing_lines": 27, "excluded_lines": 0}, "missing_lines": [29, 30, 31, 44, 82, 120, 123, 124, 125, 126, 127, 128, 137, 138, 139, 140, 142, 152, 166, 180, 190, 215, 216, 217, 219, 220, 236], "excluded_lines": [], "functions": {"temp_dir": {"executed_lines": [], "summary": {"covered_lines": 0, "num_statements": 3, "percent_covered": 0.0, "percent_covered_display": "0", "missing_lines": 3, "excluded_lines": 0}, "missing_lines": [29, 30, 31], "excluded_lines": []}, "mock_personas": {"executed_lines": [], "summary": {"covered_lines": 0, "num_statements": 1, "percent_covered": 0.0, "percent_covered_display": "0", "missing_lines": 1, "excluded_lines": 0}, "missing_lines": [44], "excluded_lines": []}, "mock_messages": {"executed_lines": [], "summary": {"covered_lines": 0, "num_statements": 1, "percent_covered": 0.0, "percent_covered_display": "0", "missing_lines": 1, "excluded_lines": 0}, "missing_lines": [82], "excluded_lines": []}, "mock_session_state": {"executed_lines": [], "summary": {"covered_lines": 0, "num_statements": 12, "percent_covered": 0.0, "percent_covered_display": "0", "missing_lines": 12, "excluded_lines": 0}, "missing_lines": [120, 123, 124, 125, 126, 127, 128, 137, 138, 139, 140, 142], "excluded_lines": []}, "mock_ollama_response": {"executed_lines": [], "summary": {"covered_lines": 0, "num_statements": 1, "percent_covered": 0.0, "percent_covered_display": "0", "missing_lines": 1, "excluded_lines": 0}, "missing_lines": [152], "excluded_lines": []}, "mock_ollama_thinking_response": {"executed_lines": [], "summary": {"covered_lines": 0, "num_statements": 1, "percent_covered": 0.0, "percent_covered_display": "0", "missing_lines": 1, "excluded_lines": 0}, "missing_lines": [166], "excluded_lines": []}, "mock_ollama_error_response": {"executed_lines": [], "summary": {"covered_lines": 0, "num_statements": 1, "percent_covered": 0.0, "percent_covered_display": "0", "missing_lines": 1, "excluded_lines": 0}, "missing_lines": [180], "excluded_lines": []}, "malicious_personas": {"executed_lines": [], "summary": {"covered_lines": 0, "num_statements": 1, "percent_covered": 0.0, "percent_covered_display": "0", "missing_lines": 1, "excluded_lines": 0}, "missing_lines": [190], "excluded_lines": []}, "sample_conversation_history": {"executed_lines": [], "summary": {"covered_lines": 0, "num_statements": 6, "percent_covered": 0.0, "percent_covered_display": "0", "missing_lines": 6, "excluded_lines": 0}, "missing_lines": [215, 216, 217, 219, 220, 236], "excluded_lines": []}, "": {"executed_lines": [1, 11, 12, 13, 14, 15, 16, 19, 20, 34, 35, 75, 76, 102, 103, 145, 146, 159, 160, 173, 174, 183, 184, 208, 209], "summary": {"covered_lines": 24, "num_statements": 24, "percent_covered": 100.0, "percent_covered_display": "100", "missing_lines": 0, "excluded_lines": 0}, "missing_lines": [], "excluded_lines": []}}, "classes": {"": {"executed_lines": [1, 11, 12, 13, 14, 15, 16, 19, 20, 34, 35, 75, 76, 102, 103, 145, 146, 159, 160, 173, 174, 183, 184, 208, 209], "summary": {"covered_lines": 24, "num_statements": 51, "percent_covered": 47.05882352941177, "percent_covered_display": "47", "missing_lines": 27, "excluded_lines": 0}, "missing_lines": [29, 30, 31, 44, 82, 120, 123, 124, 125, 126, 127, 128, 137, 138, 139, 140, 142, 152, 166, 180, 190, 215, 216, 217, 219, 220, 236], "excluded_lines": []}}}, "tests/test_conversation_logger.py": {"executed_lines": [1, 3, 4, 5, 6, 8, 10, 13, 14, 16, 17, 19, 20, 21, 23, 24, 26, 28, 30, 31, 33, 34, 35, 37, 39, 40, 42, 43, 45, 47, 48, 50, 51, 52, 53, 54, 56, 58, 59, 61, 62, 63, 64, 66, 68, 69, 71, 72, 74, 76, 77, 79, 81, 82, 84, 85, 87, 88, 89, 91, 93, 94, 95, 97, 99, 100, 101, 103, 105, 107, 108, 110, 112, 113, 114, 116, 117, 118, 120, 122, 123, 125, 127, 130, 135, 137, 138, 139, 140, 142, 143, 145, 146, 147, 149, 150, 151, 152, 154, 156, 157, 159, 161, 162, 163, 165, 166, 167], "summary": {"covered_lines": 106, "num_statements": 109, "percent_covered": 97.24770642201835, "percent_covered_display": "97", "missing_lines": 3, "excluded_lines": 0}, "missing_lines": [131, 132, 133], "excluded_lines": [], "functions": {"TestConversationLogger.temp_log_dir": {"executed_lines": [19, 20, 21], "summary": {"covered_lines": 3, "num_statements": 3, "percent_covered": 100.0, "percent_covered_display": "100", "missing_lines": 0, "excluded_lines": 0}, "missing_lines": [], "excluded_lines": []}, "TestConversationLogger.logger": {"executed_lines": [26], "summary": {"covered_lines": 1, "num_statements": 1, "percent_covered": 100.0, "percent_covered_display": "100", "missing_lines": 0, "excluded_lines": 0}, "missing_lines": [], "excluded_lines": []}, "TestConversationLogger.test_logger_creates_directory": {"executed_lines": [30, 31, 33, 34, 35], "summary": {"covered_lines": 5, "num_statements": 5, "percent_covered": 100.0, "percent_covered_display": "100", "missing_lines": 0, "excluded_lines": 0}, "missing_lines": [], "excluded_lines": []}, "TestConversationLogger.test_get_daily_log_file": {"executed_lines": [39, 40, 42, 43], "summary": {"covered_lines": 4, "num_statements": 4, "percent_covered": 100.0, "percent_covered_display": "100", "missing_lines": 0, "excluded_lines": 0}, "missing_lines": [], "excluded_lines": []}, "TestConversationLogger.test_clean_message_removes_thinking_tags": {"executed_lines": [47, 48, 50, 51, 52, 53, 54], "summary": {"covered_lines": 7, "num_statements": 7, "percent_covered": 100.0, "percent_covered_display": "100", "missing_lines": 0, "excluded_lines": 0}, "missing_lines": [], "excluded_lines": []}, "TestConversationLogger.test_clean_message_handles_nested_thinking_tags": {"executed_lines": [58, 59, 61, 62, 63, 64], "summary": {"covered_lines": 6, "num_statements": 6, "percent_covered": 100.0, "percent_covered_display": "100", "missing_lines": 0, "excluded_lines": 0}, "missing_lines": [], "excluded_lines": []}, "TestConversationLogger.test_clean_message_normalizes_whitespace": {"executed_lines": [68, 69, 71, 72], "summary": {"covered_lines": 4, "num_statements": 4, "percent_covered": 100.0, "percent_covered_display": "100", "missing_lines": 0, "excluded_lines": 0}, "missing_lines": [], "excluded_lines": []}, "TestConversationLogger.test_log_message_writes_to_file": {"executed_lines": [76, 77, 79, 81, 82, 84, 85, 87, 88, 89], "summary": {"covered_lines": 10, "num_statements": 10, "percent_covered": 100.0, "percent_covered_display": "100", "missing_lines": 0, "excluded_lines": 0}, "missing_lines": [], "excluded_lines": []}, "TestConversationLogger.test_log_message_includes_timestamp": {"executed_lines": [93, 94, 95, 97, 99, 100, 101, 103], "summary": {"covered_lines": 8, "num_statements": 8, "percent_covered": 100.0, "percent_covered_display": "100", "missing_lines": 0, "excluded_lines": 0}, "missing_lines": [], "excluded_lines": []}, "TestConversationLogger.test_log_message_cleans_before_logging": {"executed_lines": [107, 108, 110, 112, 113, 114, 116, 117, 118], "summary": {"covered_lines": 9, "num_statements": 9, "percent_covered": 100.0, "percent_covered_display": "100", "missing_lines": 0, "excluded_lines": 0}, "missing_lines": [], "excluded_lines": []}, "TestConversationLogger.test_log_message_skips_empty_cleaned_messages": {"executed_lines": [122, 123, 125, 127, 130], "summary": {"covered_lines": 5, "num_statements": 8, "percent_covered": 62.5, "percent_covered_display": "62", "missing_lines": 3, "excluded_lines": 0}, "missing_lines": [131, 132, 133], "excluded_lines": []}, "TestConversationLogger.test_log_message_appends_to_existing_file": {"executed_lines": [137, 138, 139, 140, 142, 143, 145, 146, 147, 149, 150, 151, 152], "summary": {"covered_lines": 13, "num_statements": 13, "percent_covered": 100.0, "percent_covered_display": "100", "missing_lines": 0, "excluded_lines": 0}, "missing_lines": [], "excluded_lines": []}, "TestConversationLogger.test_log_message_handles_unicode": {"executed_lines": [156, 157, 159, 161, 162, 163, 165, 166, 167], "summary": {"covered_lines": 9, "num_statements": 9, "percent_covered": 100.0, "percent_covered_display": "100", "missing_lines": 0, "excluded_lines": 0}, "missing_lines": [], "excluded_lines": []}, "": {"executed_lines": [1, 3, 4, 5, 6, 8, 10, 13, 14, 16, 17, 23, 24, 28, 37, 45, 56, 66, 74, 91, 105, 120, 135, 154], "summary": {"covered_lines": 22, "num_statements": 22, "percent_covered": 100.0, "percent_covered_display": "100", "missing_lines": 0, "excluded_lines": 0}, "missing_lines": [], "excluded_lines": []}}, "classes": {"TestConversationLogger": {"executed_lines": [19, 20, 21, 26, 30, 31, 33, 34, 35, 39, 40, 42, 43, 47, 48, 50, 51, 52, 53, 54, 58, 59, 61, 62, 63, 64, 68, 69, 71, 72, 76, 77, 79, 81, 82, 84, 85, 87, 88, 89, 93, 94, 95, 97, 99, 100, 101, 103, 107, 108, 110, 112, 113, 114, 116, 117, 118, 122, 123, 125, 127, 130, 137, 138, 139, 140, 142, 143, 145, 146, 147, 149, 150, 151, 152, 156, 157, 159, 161, 162, 163, 165, 166, 167], "summary": {"covered_lines": 84, "num_statements": 87, "percent_covered": 96.55172413793103, "percent_covered_display": "97", "missing_lines": 3, "excluded_lines": 0}, "missing_lines": [131, 132, 133], "excluded_lines": []}, "": {"executed_lines": [1, 3, 4, 5, 6, 8, 10, 13, 14, 16, 17, 23, 24, 28, 37, 45, 56, 66, 74, 91, 105, 120, 135, 154], "summary": {"covered_lines": 22, "num_statements": 22, "percent_covered": 100.0, "percent_covered_display": "100", "missing_lines": 0, "excluded_lines": 0}, "missing_lines": [], "excluded_lines": []}}}, "tests/test_log_viewer.py": {"executed_lines": [1, 3, 4, 5, 7, 9, 12, 13, 15, 16, 18, 19, 20, 22, 23, 25, 27, 28, 30, 31, 35, 36, 38, 40, 41, 43, 45, 47, 48, 50, 52, 53, 55, 57, 58, 60, 62, 63, 65, 66, 68, 71, 73, 75, 77, 78, 79, 80, 82, 84, 86, 87, 88, 89, 90, 91, 92, 93, 95, 97, 98, 103, 105, 107, 109, 111, 113, 114, 116, 118, 119, 121, 122, 124, 126, 127, 128, 130, 132, 134, 135, 137, 139, 140, 142, 144, 146, 148, 149, 153, 155, 158, 159, 160], "summary": {"covered_lines": 92, "num_statements": 92, "percent_covered": 100.0, "percent_covered_display": "100", "missing_lines": 0, "excluded_lines": 0}, "missing_lines": [], "excluded_lines": [], "functions": {"TestLogParser.temp_log_dir": {"executed_lines": [18, 19, 20], "summary": {"covered_lines": 3, "num_statements": 3, "percent_covered": 100.0, "percent_covered_display": "100", "missing_lines": 0, "excluded_lines": 0}, "missing_lines": [], "excluded_lines": []}, "TestLogParser.parser": {"executed_lines": [25], "summary": {"covered_lines": 1, "num_statements": 1, "percent_covered": 100.0, "percent_covered_display": "100", "missing_lines": 0, "excluded_lines": 0}, "missing_lines": [], "excluded_lines": []}, "TestLogParser.sample_log_file": {"executed_lines": [30, 31, 35, 36], "summary": {"covered_lines": 4, "num_statements": 4, "percent_covered": 100.0, "percent_covered_display": "100", "missing_lines": 0, "excluded_lines": 0}, "missing_lines": [], "excluded_lines": []}, "TestLogParser.test_get_available_log_files_empty_directory": {"executed_lines": [40, 41], "summary": {"covered_lines": 2, "num_statements": 2, "percent_covered": 100.0, "percent_covered_display": "100", "missing_lines": 0, "excluded_lines": 0}, "missing_lines": [], "excluded_lines": []}, "TestLogParser.test_get_available_log_files_finds_streamlit_logs": {"executed_lines": [45, 47, 48], "summary": {"covered_lines": 3, "num_statements": 3, "percent_covered": 100.0, "percent_covered_display": "100", "missing_lines": 0, "excluded_lines": 0}, "missing_lines": [], "excluded_lines": []}, "TestLogParser.test_get_available_log_files_finds_legacy_logs": {"executed_lines": [52, 53, 55, 57, 58], "summary": {"covered_lines": 5, "num_statements": 5, "percent_covered": 100.0, "percent_covered_display": "100", "missing_lines": 0, "excluded_lines": 0}, "missing_lines": [], "excluded_lines": []}, "TestLogParser.test_get_available_log_files_sorted_by_date": {"executed_lines": [62, 63, 65, 66, 68, 71], "summary": {"covered_lines": 6, "num_statements": 6, "percent_covered": 100.0, "percent_covered_display": "100", "missing_lines": 0, "excluded_lines": 0}, "missing_lines": [], "excluded_lines": []}, "TestLogParser.test_parse_log_file_extracts_messages": {"executed_lines": [75, 77, 78, 79, 80], "summary": {"covered_lines": 5, "num_statements": 5, "percent_covered": 100.0, "percent_covered_display": "100", "missing_lines": 0, "excluded_lines": 0}, "missing_lines": [], "excluded_lines": []}, "TestLogParser.test_parse_log_file_includes_metadata": {"executed_lines": [84, 86, 87, 88, 89, 90, 91, 92, 93], "summary": {"covered_lines": 9, "num_statements": 9, "percent_covered": 100.0, "percent_covered_display": "100", "missing_lines": 0, "excluded_lines": 0}, "missing_lines": [], "excluded_lines": []}, "TestLogParser.test_parse_log_file_handles_empty_lines": {"executed_lines": [97, 98, 103, 105, 107], "summary": {"covered_lines": 5, "num_statements": 5, "percent_covered": 100.0, "percent_covered_display": "100", "missing_lines": 0, "excluded_lines": 0}, "missing_lines": [], "excluded_lines": []}, "TestLogParser.test_parse_log_file_calculates_message_length": {"executed_lines": [111, 113, 114], "summary": {"covered_lines": 3, "num_statements": 3, "percent_covered": 100.0, "percent_covered_display": "100", "missing_lines": 0, "excluded_lines": 0}, "missing_lines": [], "excluded_lines": []}, "TestLogParser.test_parse_all_logs_combines_multiple_files": {"executed_lines": [118, 119, 121, 122, 124, 126, 127, 128], "summary": {"covered_lines": 8, "num_statements": 8, "percent_covered": 100.0, "percent_covered_display": "100", "missing_lines": 0, "excluded_lines": 0}, "missing_lines": [], "excluded_lines": []}, "TestLogParser.test_parse_all_logs_returns_empty_dataframe_if_no_logs": {"executed_lines": [132, 134, 135], "summary": {"covered_lines": 3, "num_statements": 3, "percent_covered": 100.0, "percent_covered_display": "100", "missing_lines": 0, "excluded_lines": 0}, "missing_lines": [], "excluded_lines": []}, "TestLogParser.test_parse_all_logs_creates_datetime_column": {"executed_lines": [139, 140, 142, 144], "summary": {"covered_lines": 4, "num_statements": 4, "percent_covered": 100.0, "percent_covered_display": "100", "missing_lines": 0, "excluded_lines": 0}, "missing_lines": [], "excluded_lines": []}, "TestLogParser.test_parse_all_logs_sorts_by_datetime": {"executed_lines": [148, 149, 153, 155, 158, 159, 160], "summary": {"covered_lines": 7, "num_statements": 7, "percent_covered": 100.0, "percent_covered_display": "100", "missing_lines": 0, "excluded_lines": 0}, "missing_lines": [], "excluded_lines": []}, "": {"executed_lines": [1, 3, 4, 5, 7, 9, 12, 13, 15, 16, 22, 23, 27, 28, 38, 43, 50, 60, 73, 82, 95, 109, 116, 130, 137, 146], "summary": {"covered_lines": 24, "num_statements": 24, "percent_covered": 100.0, "percent_covered_display": "100", "missing_lines": 0, "excluded_lines": 0}, "missing_lines": [], "excluded_lines": []}}, "classes": {"TestLogParser": {"executed_lines": [18, 19, 20, 25, 30, 31, 35, 36, 40, 41, 45, 47, 48, 52, 53, 55, 57, 58, 62, 63, 65, 66, 68, 71, 75, 77, 78, 79, 80, 84, 86, 87, 88, 89, 90, 91, 92, 93, 97, 98, 103, 105, 107, 111, 113, 114, 118, 119, 121, 122, 124, 126, 127, 128, 132, 134, 135, 139, 140, 142, 144, 148, 149, 153, 155, 158, 159, 160], "summary": {"covered_lines": 68, "num_statements": 68, "percent_covered": 100.0, "percent_covered_display": "100", "missing_lines": 0, "excluded_lines": 0}, "missing_lines": [], "excluded_lines": []}, "": {"executed_lines": [1, 3, 4, 5, 7, 9, 12, 13, 15, 16, 22, 23, 27, 28, 38, 43, 50, 60, 73, 82, 95, 109, 116, 130, 137, 146], "summary": {"covered_lines": 24, "num_statements": 24, "percent_covered": 100.0, "percent_covered_display": "100", "missing_lines": 0, "excluded_lines": 0}, "missing_lines": [], "excluded_lines": []}}}, "tests/test_security.py": {"executed_lines": [1, 3, 6, 7, 9, 11, 12, 13, 14, 15, 17, 19, 20, 22, 23, 24, 27, 29, 30, 32, 33, 34, 37, 39, 40, 41, 42, 43, 44, 46, 48, 49, 50, 51, 52, 54, 56, 57, 59, 61, 62, 63, 64, 65], "summary": {"covered_lines": 42, "num_statements": 42, "percent_covered": 100.0, "percent_covered_display": "100", "missing_lines": 0, "excluded_lines": 0}, "missing_lines": [], "excluded_lines": [], "functions": {"TestXSSPrevention.test_sanitize_html_prevents_script_injection": {"executed_lines": [11, 12, 13, 14, 15], "summary": {"covered_lines": 5, "num_statements": 5, "percent_covered": 100.0, "percent_covered_display": "100", "missing_lines": 0, "excluded_lines": 0}, "missing_lines": [], "excluded_lines": []}, "TestXSSPrevention.test_sanitize_html_prevents_img_onerror": {"executed_lines": [19, 20, 22, 23, 24], "summary": {"covered_lines": 5, "num_statements": 5, "percent_covered": 100.0, "percent_covered_display": "100", "missing_lines": 0, "excluded_lines": 0}, "missing_lines": [], "excluded_lines": []}, "TestXSSPrevention.test_sanitize_html_prevents_event_handlers": {"executed_lines": [29, 30, 32, 33, 34], "summary": {"covered_lines": 5, "num_statements": 5, "percent_covered": 100.0, "percent_covered_display": "100", "missing_lines": 0, "excluded_lines": 0}, "missing_lines": [], "excluded_lines": []}, "TestXSSPrevention.test_sanitize_html_escapes_special_characters": {"executed_lines": [39, 40, 41, 42, 43, 44], "summary": {"covered_lines": 6, "num_statements": 6, "percent_covered": 100.0, "percent_covered_display": "100", "missing_lines": 0, "excluded_lines": 0}, "missing_lines": [], "excluded_lines": []}, "TestXSSPrevention.test_sanitize_html_preserves_safe_text": {"executed_lines": [48, 49, 50, 51, 52], "summary": {"covered_lines": 5, "num_statements": 5, "percent_covered": 100.0, "percent_covered_display": "100", "missing_lines": 0, "excluded_lines": 0}, "missing_lines": [], "excluded_lines": []}, "TestXSSPrevention.test_sanitize_html_handles_empty_string": {"executed_lines": [56, 57], "summary": {"covered_lines": 2, "num_statements": 2, "percent_covered": 100.0, "percent_covered_display": "100", "missing_lines": 0, "excluded_lines": 0}, "missing_lines": [], "excluded_lines": []}, "TestXSSPrevention.test_sanitize_html_handles_unicode": {"executed_lines": [61, 62, 63, 64, 65], "summary": {"covered_lines": 5, "num_statements": 5, "percent_covered": 100.0, "percent_covered_display": "100", "missing_lines": 0, "excluded_lines": 0}, "missing_lines": [], "excluded_lines": []}, "": {"executed_lines": [1, 3, 6, 7, 9, 17, 27, 37, 46, 54, 59], "summary": {"covered_lines": 9, "num_statements": 9, "percent_covered": 100.0, "percent_covered_display": "100", "missing_lines": 0, "excluded_lines": 0}, "missing_lines": [], "excluded_lines": []}}, "classes": {"TestXSSPrevention": {"executed_lines": [11, 12, 13, 14, 15, 19, 20, 22, 23, 24, 29, 30, 32, 33, 34, 39, 40, 41, 42, 43, 44, 48, 49, 50, 51, 52, 56, 57, 61, 62, 63, 64, 65], "summary": {"covered_lines": 33, "num_statements": 33, "percent_covered": 100.0, "percent_covered_display": "100", "missing_lines": 0, "excluded_lines": 0}, "missing_lines": [], "excluded_lines": []}, "": {"executed_lines": [1, 3, 6, 7, 9, 17, 27, 37, 46, 54, 59], "summary": {"covered_lines": 9, "num_statements": 9, "percent_covered": 100.0, "percent_covered_display": "100", "missing_lines": 0, "excluded_lines": 0}, "missing_lines": [], "excluded_lines": []}}}}, "totals": {"covered_lines": 461, "num_statements": 1226, "percent_covered": 37.60195758564437, "percent_covered_display": "38", "missing_lines": 765, "excluded_lines": 0}}